<?xml version="1.0" encoding="UTF-8"?>
<testng-results skipped="0" failed="0" total="1" passed="1">
  <reporter-output>
  </reporter-output>
  <suite name="Regression TestSuite" duration-ms="90146" started-at="2019-07-22T07:58:49Z" finished-at="2019-07-22T08:00:19Z">
    <groups>
    </groups>
    <test name="Application Test" duration-ms="90146" started-at="2019-07-22T07:58:49Z" finished-at="2019-07-22T08:00:19Z">
      <class name="TestingFuseSite.Login2">
        <test-method status="PASS" signature="loginTestPom()[pri:0, instance:TestingFuseSite.Login2@2cb4c3ab]" name="loginTestPom" duration-ms="90137" started-at="2019-07-22T09:58:49Z" finished-at="2019-07-22T10:00:19Z">
          <reporter-output>
          </reporter-output>
        </test-method> <!-- loginTestPom -->
      </class> <!-- TestingFuseSite.Login2 -->
    </test> <!-- Application Test -->
  </suite> <!-- Regression TestSuite -->
</testng-results>
