<?xml version="1.0" encoding="UTF-8"?>
<!-- Generated by org.testng.reporters.JUnitXMLReporter -->
<testsuite hostname="WACPT093" name="Application Test" tests="1" failures="1" timestamp="22 Jul 2019 11:52:53 GMT" time="60.204" errors="0">
  <testcase name="loginTestPom" time="60.193" classname="TestingFuseSite.TestLogin">
    <failure type="java.lang.NoClassDefFoundError" message="Pages/LogoutPage">
      <![CDATA[java.lang.NoClassDefFoundError: Pages/LogoutPage
	at TestingFuseSite.TestLogin.loginTestPom(TestLogin.java:37)
Caused by: java.lang.ClassNotFoundException: Pages.LogoutPage
	at java.net.URLClassLoader.findClass(Unknown Source)
	at java.lang.ClassLoader.loadClass(Unknown Source)
	at sun.misc.Launcher$AppClassLoader.loadClass(Unknown Source)
	at java.lang.ClassLoader.loadClass(Unknown Source)
	... 25 more
... Removed 24 stack frames]]>
    </failure>
  </testcase> <!-- loginTestPom -->
</testsuite> <!-- Application Test -->
